<?xml version="1.0" encoding="UTF-8"?>
<!-- Generated by org.testng.reporters.JUnitReportReporter -->
<testsuite hostname="ASPIRE-7-SATISH" failures="0" tests="1" name="day34.FirstTest" time="0.014" errors="0" timestamp="2023-07-02T21:50:59 IST" skipped="0">
  <testcase classname="day34.FirstTest" name="Test1" time="0.014"/>
</testsuite> <!-- day34.FirstTest -->
